2020-12-17 15:36:38.9919|Microsoft.AspNetCore.Hosting.Internal.WebHost|INFO|Request starting HTTP/1.1 GET http://localhost:50828/swagger/index.html   
2020-12-17 15:36:39.2215|Microsoft.AspNetCore.Hosting.Internal.WebHost|INFO|Request finished in 232.3995ms 200 text/html 
2020-12-17 15:36:39.4287|Microsoft.AspNetCore.Hosting.Internal.WebHost|INFO|Request starting HTTP/1.1 GET http://localhost:50828/swagger/v2/swagger.json   
2020-12-17 15:36:41.7248|Microsoft.AspNetCore.Hosting.Internal.WebHost|INFO|Request finished in 2296.1272ms 200 application/json;charset=utf-8 
2020-12-17 15:37:43.9033|Microsoft.AspNetCore.Hosting.Internal.WebHost|INFO|Request starting HTTP/1.1 GET http://localhost:50828/swagger/index.html   
2020-12-17 15:37:44.0489|Microsoft.AspNetCore.Hosting.Internal.WebHost|INFO|Request finished in 148.1349ms 200 text/html 
2020-12-17 15:37:44.1570|Microsoft.AspNetCore.Hosting.Internal.WebHost|INFO|Request starting HTTP/1.1 GET http://localhost:50828/swagger/v2/swagger.json   
2020-12-17 15:37:46.3277|Microsoft.AspNetCore.Hosting.Internal.WebHost|INFO|Request finished in 2170.6965ms 200 application/json;charset=utf-8 
2020-12-17 17:50:38.3509|Microsoft.AspNetCore.Hosting.Internal.WebHost|INFO|Request starting HTTP/1.1 GET http://localhost:50828/swagger/index.html   
2020-12-17 17:50:38.5127|Microsoft.AspNetCore.Hosting.Internal.WebHost|INFO|Request finished in 164.2284ms 200 text/html 
2020-12-17 17:50:38.6389|Microsoft.AspNetCore.Hosting.Internal.WebHost|INFO|Request starting HTTP/1.1 GET http://localhost:50828/swagger/v2/swagger.json   
2020-12-17 17:50:38.8269|Imagine.WebAPI.Middlewares.ErrorHandlingMiddleware|ERROR|The following errors occurred with attribute routing information:

Error 1:
Attribute routes with the same name '导入维护数据' must have the same template:
Action: 'Imagine.WebAPI.Controllers.v2.AgreementDataReport.SuperviseController.ImportRecord (Imagine.WebAPI)' - Template: 'api/v2/AgreementDataReport/supervise/import'
Action: 'Imagine.WebAPI.Controllers.v2.AgreementDataReport.TrainerController.ImportRecord (Imagine.WebAPI)' - Template: 'api/v2/AgreementDataReport/trainer/import'   at Microsoft.AspNetCore.Mvc.Internal.ControllerActionDescriptorBuilder.Build(ApplicationModel application)
   at Microsoft.AspNetCore.Mvc.Internal.ControllerActionDescriptorProvider.GetDescriptors()
   at Microsoft.AspNetCore.Mvc.Internal.ControllerActionDescriptorProvider.OnProvidersExecuting(ActionDescriptorProviderContext context)
   at Microsoft.AspNetCore.Mvc.Internal.ActionDescriptorCollectionProvider.UpdateCollection()
   at Microsoft.AspNetCore.Mvc.Internal.ActionDescriptorCollectionProvider.get_ActionDescriptors()
   at Microsoft.AspNetCore.Mvc.ApiExplorer.ApiDescriptionGroupCollectionProvider.get_ApiDescriptionGroups()
   at Swashbuckle.AspNetCore.SwaggerGen.SwaggerGenerator.GetSwagger(String documentName, String host, String basePath, String[] schemes)
   at Swashbuckle.AspNetCore.Swagger.SwaggerMiddleware.Invoke(HttpContext httpContext)
   at Imagine.WebAPI.Middlewares.ErrorHandlingMiddleware.Invoke(HttpContext context, LogRecordServices logRecordServices) in C:\WorkSpace\ERP\Web\Imagine.WebAPI\Middlewares\ErrorHandlingMiddleware.cs:line 38 
2020-12-17 17:50:38.8269|Microsoft.AspNetCore.Hosting.Internal.WebHost|INFO|Request finished in 197.5292ms 500 application/json 
2020-12-17 17:50:43.5638|Microsoft.AspNetCore.Hosting.Internal.WebHost|INFO|Request starting HTTP/1.1 GET http://localhost:50828/swagger/swagger-ui-bundle.js.map   
2020-12-17 17:50:43.5638|Microsoft.AspNetCore.Hosting.Internal.WebHost|INFO|Request starting HTTP/1.1 GET http://localhost:50828/swagger/swagger-ui-standalone-preset.js.map   
2020-12-17 17:50:43.5638|Microsoft.AspNetCore.Hosting.Internal.WebHost|INFO|Request starting HTTP/1.1 GET http://localhost:50828/swagger/swagger-ui.css.map   
2020-12-17 17:50:43.5974|Microsoft.AspNetCore.StaticFiles.StaticFileMiddleware|INFO|Sending file. Request path: '/swagger-ui.css.map'. Physical path: 'N/A' 
2020-12-17 17:50:43.5974|Microsoft.AspNetCore.Hosting.Internal.WebHost|INFO|Request finished in 33.0553ms 200 text/plain 
2020-12-17 17:50:43.6468|Microsoft.AspNetCore.StaticFiles.StaticFileMiddleware|INFO|Sending file. Request path: '/swagger-ui-standalone-preset.js.map'. Physical path: 'N/A' 
2020-12-17 17:50:43.6777|Microsoft.AspNetCore.Hosting.Internal.WebHost|INFO|Request finished in 113.7774ms 200 text/plain 
2020-12-17 17:50:43.6963|Microsoft.AspNetCore.StaticFiles.StaticFileMiddleware|INFO|Sending file. Request path: '/swagger-ui-bundle.js.map'. Physical path: 'N/A' 
2020-12-17 17:50:43.7193|Microsoft.AspNetCore.Hosting.Internal.WebHost|INFO|Request finished in 155.5366ms 200 text/plain 
2020-12-17 17:50:44.5492|Microsoft.AspNetCore.Hosting.Internal.WebHost|INFO|Request starting HTTP/1.1 GET http://localhost:50828/swagger/index.html   
2020-12-17 17:50:44.5492|Microsoft.AspNetCore.Hosting.Internal.WebHost|INFO|Request finished in 0.6966ms 200 text/html 
2020-12-17 17:50:44.6955|Microsoft.AspNetCore.Hosting.Internal.WebHost|INFO|Request starting HTTP/1.1 GET http://localhost:50828/swagger/swagger-ui-bundle.js.map   
2020-12-17 17:50:44.6955|Microsoft.AspNetCore.Hosting.Internal.WebHost|INFO|Request starting HTTP/1.1 GET http://localhost:50828/swagger/swagger-ui.css.map   
2020-12-17 17:50:44.6955|Microsoft.AspNetCore.Hosting.Internal.WebHost|INFO|Request starting HTTP/1.1 GET http://localhost:50828/swagger/swagger-ui-standalone-preset.js.map   
2020-12-17 17:50:44.6955|Microsoft.AspNetCore.StaticFiles.StaticFileMiddleware|INFO|Sending file. Request path: '/swagger-ui.css.map'. Physical path: 'N/A' 
2020-12-17 17:50:44.6955|Microsoft.AspNetCore.Hosting.Internal.WebHost|INFO|Request finished in 1.1869ms 200 text/plain 
2020-12-17 17:50:44.6955|Microsoft.AspNetCore.StaticFiles.StaticFileMiddleware|INFO|Sending file. Request path: '/swagger-ui-standalone-preset.js.map'. Physical path: 'N/A' 
2020-12-17 17:50:44.7043|Microsoft.AspNetCore.StaticFiles.StaticFileMiddleware|INFO|Sending file. Request path: '/swagger-ui-bundle.js.map'. Physical path: 'N/A' 
2020-12-17 17:50:44.7043|Microsoft.AspNetCore.Hosting.Internal.WebHost|INFO|Request finished in 7.9223ms 200 text/plain 
2020-12-17 17:50:44.7449|Microsoft.AspNetCore.Hosting.Internal.WebHost|INFO|Request starting HTTP/1.1 GET http://localhost:50828/swagger/v2/swagger.json   
2020-12-17 17:50:44.7567|Microsoft.AspNetCore.Hosting.Internal.WebHost|INFO|Request starting HTTP/1.1 GET http://localhost:50828/swagger/favicon-32x32.png   
2020-12-17 17:50:44.7567|Microsoft.AspNetCore.StaticFiles.StaticFileMiddleware|INFO|Sending file. Request path: '/favicon-32x32.png'. Physical path: 'N/A' 
2020-12-17 17:50:44.7567|Microsoft.AspNetCore.Hosting.Internal.WebHost|INFO|Request finished in 2.2996ms 200 image/png 
2020-12-17 17:50:44.7567|Microsoft.AspNetCore.Hosting.Internal.WebHost|INFO|Request finished in 64.6675ms 200 text/plain 
2020-12-17 17:50:44.8547|Imagine.WebAPI.Middlewares.ErrorHandlingMiddleware|ERROR|The following errors occurred with attribute routing information:

Error 1:
Attribute routes with the same name '导入维护数据' must have the same template:
Action: 'Imagine.WebAPI.Controllers.v2.AgreementDataReport.SuperviseController.ImportRecord (Imagine.WebAPI)' - Template: 'api/v2/AgreementDataReport/supervise/import'
Action: 'Imagine.WebAPI.Controllers.v2.AgreementDataReport.TrainerController.ImportRecord (Imagine.WebAPI)' - Template: 'api/v2/AgreementDataReport/trainer/import'   at Microsoft.AspNetCore.Mvc.Internal.ControllerActionDescriptorBuilder.Build(ApplicationModel application)
   at Microsoft.AspNetCore.Mvc.Internal.ControllerActionDescriptorProvider.GetDescriptors()
   at Microsoft.AspNetCore.Mvc.Internal.ControllerActionDescriptorProvider.OnProvidersExecuting(ActionDescriptorProviderContext context)
   at Microsoft.AspNetCore.Mvc.Internal.ActionDescriptorCollectionProvider.UpdateCollection()
   at Microsoft.AspNetCore.Mvc.Internal.ActionDescriptorCollectionProvider.get_ActionDescriptors()
   at Microsoft.AspNetCore.Mvc.ApiExplorer.ApiDescriptionGroupCollectionProvider.get_ApiDescriptionGroups()
   at Swashbuckle.AspNetCore.SwaggerGen.SwaggerGenerator.GetSwagger(String documentName, String host, String basePath, String[] schemes)
   at Swashbuckle.AspNetCore.Swagger.SwaggerMiddleware.Invoke(HttpContext httpContext)
   at Imagine.WebAPI.Middlewares.ErrorHandlingMiddleware.Invoke(HttpContext context, LogRecordServices logRecordServices) in C:\WorkSpace\ERP\Web\Imagine.WebAPI\Middlewares\ErrorHandlingMiddleware.cs:line 38 
2020-12-17 17:50:44.8547|Microsoft.AspNetCore.Hosting.Internal.WebHost|INFO|Request finished in 110.7455ms 500 application/json 
2020-12-17 17:51:31.7252|Microsoft.AspNetCore.Hosting.Internal.WebHost|INFO|Request starting HTTP/1.1 GET http://localhost:50828/swagger/index.html   
2020-12-17 17:51:31.8726|Microsoft.AspNetCore.Hosting.Internal.WebHost|INFO|Request finished in 150.0688ms 200 text/html 
2020-12-17 17:51:32.0176|Microsoft.AspNetCore.Hosting.Internal.WebHost|INFO|Request starting HTTP/1.1 GET http://localhost:50828/swagger/v2/swagger.json   
2020-12-17 17:51:34.2256|Microsoft.AspNetCore.Hosting.Internal.WebHost|INFO|Request finished in 2208.0491ms 200 application/json;charset=utf-8 
