2020-12-18 09:37:01.6228|Microsoft.AspNetCore.Hosting.Internal.WebHost|INFO|Request starting HTTP/1.1 GET http://localhost:50828/swagger/index.html   
2020-12-18 09:37:01.7837|Microsoft.AspNetCore.Hosting.Internal.WebHost|INFO|Request finished in 163.6062ms 200 text/html 
2020-12-18 09:37:01.9117|Microsoft.AspNetCore.Hosting.Internal.WebHost|INFO|Request starting HTTP/1.1 GET http://localhost:50828/swagger/v2/swagger.json   
2020-12-18 09:37:04.0405|Microsoft.AspNetCore.Hosting.Internal.WebHost|INFO|Request finished in 2128.7722ms 200 application/json;charset=utf-8 
2020-12-18 09:42:48.7388|Microsoft.AspNetCore.Hosting.Internal.WebHost|INFO|Request starting HTTP/1.1 GET http://localhost:50829/   
2020-12-18 09:42:48.8877|IdentityServer4.AccessTokenValidation.IdentityServerAuthenticationHandler|DEBUG|AuthenticationScheme: Bearer was not authenticated. 
2020-12-18 09:42:49.1034|Microsoft.AspNetCore.Hosting.Internal.WebHost|INFO|Request finished in 367.2512ms 404  
2020-12-18 09:42:58.2628|Microsoft.AspNetCore.Hosting.Internal.WebHost|INFO|Request starting HTTP/1.1 GET http://localhost:50829/swagger/index.html   
2020-12-18 09:42:58.2735|Microsoft.AspNetCore.Hosting.Internal.WebHost|INFO|Request finished in 10.6388ms 200 text/html 
2020-12-18 09:42:58.2919|Microsoft.AspNetCore.Hosting.Internal.WebHost|INFO|Request starting HTTP/1.1 GET http://localhost:50829/swagger/swagger-ui.css   
2020-12-18 09:42:58.2919|Microsoft.AspNetCore.Hosting.Internal.WebHost|INFO|Request starting HTTP/1.1 GET http://localhost:50829/swagger/swagger-ui-bundle.js   
2020-12-18 09:42:58.2919|Microsoft.AspNetCore.Hosting.Internal.WebHost|INFO|Request starting HTTP/1.1 GET http://localhost:50829/swagger/swagger-ui-standalone-preset.js   
2020-12-18 09:42:58.3459|Microsoft.AspNetCore.StaticFiles.StaticFileMiddleware|INFO|Sending file. Request path: '/swagger-ui.css'. Physical path: 'N/A' 
2020-12-18 09:42:58.3591|Microsoft.AspNetCore.StaticFiles.StaticFileMiddleware|INFO|Sending file. Request path: '/swagger-ui-standalone-preset.js'. Physical path: 'N/A' 
2020-12-18 09:42:58.3591|Microsoft.AspNetCore.Hosting.Internal.WebHost|INFO|Request finished in 72.4985ms 200 text/css 
2020-12-18 09:42:58.3591|Microsoft.AspNetCore.Hosting.Internal.WebHost|INFO|Request finished in 70.3671ms 200 application/javascript 
2020-12-18 09:42:58.3755|Microsoft.AspNetCore.StaticFiles.StaticFileMiddleware|INFO|Sending file. Request path: '/swagger-ui-bundle.js'. Physical path: 'N/A' 
2020-12-18 09:42:58.3755|Microsoft.AspNetCore.Hosting.Internal.WebHost|INFO|Request finished in 94.0118ms 200 application/javascript 
2020-12-18 09:42:58.5457|Microsoft.AspNetCore.Hosting.Internal.WebHost|INFO|Request starting HTTP/1.1 GET http://localhost:50829/swagger/v2/swagger.json   
2020-12-18 09:42:58.5457|Microsoft.AspNetCore.Hosting.Internal.WebHost|INFO|Request starting HTTP/1.1 GET http://localhost:50829/swagger/favicon-32x32.png   
2020-12-18 09:42:58.5457|Microsoft.AspNetCore.StaticFiles.StaticFileMiddleware|INFO|Sending file. Request path: '/favicon-32x32.png'. Physical path: 'N/A' 
2020-12-18 09:42:58.5457|Microsoft.AspNetCore.Hosting.Internal.WebHost|INFO|Request finished in 2.1855ms 200 image/png 
2020-12-18 09:43:00.5989|Microsoft.AspNetCore.Hosting.Internal.WebHost|INFO|Request finished in 2053.1754ms 200 application/json;charset=utf-8 
2020-12-18 09:47:13.3514|Microsoft.AspNetCore.Hosting.Internal.WebHost|INFO|Request starting HTTP/1.1 GET http://localhost:50829/swagger/index.html   
2020-12-18 09:47:13.3514|Microsoft.AspNetCore.Hosting.Internal.WebHost|INFO|Request finished in 0.7838ms 200 text/html 
2020-12-18 09:47:13.3837|Microsoft.AspNetCore.Hosting.Internal.WebHost|INFO|Request starting HTTP/1.1 GET http://localhost:50829/swagger/swagger-ui.css   
2020-12-18 09:47:13.3837|Microsoft.AspNetCore.StaticFiles.StaticFileMiddleware|INFO|Sending file. Request path: '/swagger-ui.css'. Physical path: 'N/A' 
2020-12-18 09:47:13.3837|Microsoft.AspNetCore.Hosting.Internal.WebHost|INFO|Request starting HTTP/1.1 GET http://localhost:50829/swagger/swagger-ui-bundle.js   
2020-12-18 09:47:13.3837|Microsoft.AspNetCore.Hosting.Internal.WebHost|INFO|Request starting HTTP/1.1 GET http://localhost:50829/swagger/swagger-ui-standalone-preset.js   
2020-12-18 09:47:13.3837|Microsoft.AspNetCore.StaticFiles.StaticFileMiddleware|INFO|Sending file. Request path: '/swagger-ui-standalone-preset.js'. Physical path: 'N/A' 
2020-12-18 09:47:13.3837|Microsoft.AspNetCore.Hosting.Internal.WebHost|INFO|Request finished in 2.225ms 200 text/css 
2020-12-18 09:47:13.3837|Microsoft.AspNetCore.StaticFiles.StaticFileMiddleware|INFO|Sending file. Request path: '/swagger-ui-bundle.js'. Physical path: 'N/A' 
2020-12-18 09:47:13.3922|Microsoft.AspNetCore.Hosting.Internal.WebHost|INFO|Request finished in 6.5196ms 200 application/javascript 
2020-12-18 09:47:13.4344|Microsoft.AspNetCore.Hosting.Internal.WebHost|INFO|Request finished in 48.6898ms 200 application/javascript 
2020-12-18 09:47:13.5931|Microsoft.AspNetCore.Hosting.Internal.WebHost|INFO|Request starting HTTP/1.1 GET http://localhost:50829/swagger/v2/swagger.json   
2020-12-18 09:47:13.6227|Microsoft.AspNetCore.Hosting.Internal.WebHost|INFO|Request starting HTTP/1.1 GET http://localhost:50829/swagger/favicon-32x32.png   
2020-12-18 09:47:13.6234|Microsoft.AspNetCore.StaticFiles.StaticFileMiddleware|INFO|Sending file. Request path: '/favicon-32x32.png'. Physical path: 'N/A' 
2020-12-18 09:47:13.6234|Microsoft.AspNetCore.Hosting.Internal.WebHost|INFO|Request finished in 1.1855ms 200 image/png 
2020-12-18 09:47:15.1937|Microsoft.AspNetCore.Hosting.Internal.WebHost|INFO|Request finished in 1600.5697ms 200 application/json;charset=utf-8 
2020-12-18 09:49:01.2058|Microsoft.AspNetCore.Hosting.Internal.WebHost|INFO|Request starting HTTP/1.1 GET http://localhost:50829/swagger/index.html   
2020-12-18 09:49:01.2058|Microsoft.AspNetCore.Hosting.Internal.WebHost|INFO|Request finished in 3.1039ms 200 text/html 
2020-12-18 09:49:01.2603|Microsoft.AspNetCore.Hosting.Internal.WebHost|INFO|Request starting HTTP/1.1 GET http://localhost:50829/swagger/swagger-ui.css   
2020-12-18 09:49:01.2603|Microsoft.AspNetCore.StaticFiles.StaticFileMiddleware|INFO|Sending file. Request path: '/swagger-ui.css'. Physical path: 'N/A' 
2020-12-18 09:49:01.2603|Microsoft.AspNetCore.Hosting.Internal.WebHost|INFO|Request starting HTTP/1.1 GET http://localhost:50829/swagger/swagger-ui-bundle.js   
2020-12-18 09:49:01.2603|Microsoft.AspNetCore.Hosting.Internal.WebHost|INFO|Request starting HTTP/1.1 GET http://localhost:50829/swagger/swagger-ui-standalone-preset.js   
2020-12-18 09:49:01.2603|Microsoft.AspNetCore.Hosting.Internal.WebHost|INFO|Request finished in 1.8131ms 200 text/css 
2020-12-18 09:49:01.2603|Microsoft.AspNetCore.StaticFiles.StaticFileMiddleware|INFO|Sending file. Request path: '/swagger-ui-standalone-preset.js'. Physical path: 'N/A' 
2020-12-18 09:49:01.2603|Microsoft.AspNetCore.StaticFiles.StaticFileMiddleware|INFO|Sending file. Request path: '/swagger-ui-bundle.js'. Physical path: 'N/A' 
2020-12-18 09:49:01.2603|Microsoft.AspNetCore.Hosting.Internal.WebHost|INFO|Request finished in 2.3299ms 200 application/javascript 
2020-12-18 09:49:01.2671|Microsoft.AspNetCore.Hosting.Internal.WebHost|INFO|Request finished in 5.4942ms 200 application/javascript 
2020-12-18 09:49:01.7611|Microsoft.AspNetCore.Hosting.Internal.WebHost|INFO|Request starting HTTP/1.1 GET http://localhost:50829/swagger/v2/swagger.json   
2020-12-18 09:49:01.7770|Microsoft.AspNetCore.Hosting.Internal.WebHost|INFO|Request starting HTTP/1.1 GET http://localhost:50829/swagger/favicon-32x32.png   
2020-12-18 09:49:01.7770|Microsoft.AspNetCore.StaticFiles.StaticFileMiddleware|INFO|Sending file. Request path: '/favicon-32x32.png'. Physical path: 'N/A' 
2020-12-18 09:49:01.7770|Microsoft.AspNetCore.Hosting.Internal.WebHost|INFO|Request finished in 1.4089ms 200 image/png 
2020-12-18 09:49:03.2900|Microsoft.AspNetCore.Hosting.Internal.WebHost|INFO|Request finished in 1528.8876ms 200 application/json;charset=utf-8 
2020-12-18 09:49:12.4573|Microsoft.AspNetCore.Hosting.Internal.WebHost|INFO|Request starting HTTP/1.1 GET http://localhost:50829/swagger/v1/swagger.json   
2020-12-18 09:49:20.9748|Microsoft.AspNetCore.Hosting.Internal.WebHost|INFO|Request finished in 8517.5243ms 200 application/json;charset=utf-8 
2020-12-18 09:49:35.3671|Microsoft.AspNetCore.Hosting.Internal.WebHost|INFO|Request starting HTTP/1.1 GET http://localhost:50829/swagger/v2/swagger.json   
2020-12-18 09:49:36.8593|Microsoft.AspNetCore.Hosting.Internal.WebHost|INFO|Request finished in 1492.191ms 200 application/json;charset=utf-8 
